<?xml version="1.0" encoding="UTF-8"?>
<testng-results ignored="0" total="1" passed="1" failed="0" skipped="0">
  <reporter-output>
  </reporter-output>
  <suite started-at="2023-01-06T21:58:14 IST" name="Suite" finished-at="2023-01-06T21:59:01 IST" duration-ms="47240">
    <groups>
    </groups>
    <test started-at="2023-01-06T21:58:14 IST" name="Test" finished-at="2023-01-06T21:59:01 IST" duration-ms="47240">
      <class name="tests.LoginTest">
        <test-method is-config="true" signature="launchApp()[pri:0, instance:tests.LoginTest@6fd83fc1]" started-at="2023-01-06T21:58:14 IST" name="launchApp" finished-at="2023-01-06T21:58:17 IST" duration-ms="3179" status="PASS">
          <reporter-output>
          </reporter-output>
        </test-method> <!-- launchApp -->
        <test-method signature="verifyLogin()[pri:0, instance:tests.LoginTest@6fd83fc1]" started-at="2023-01-06T21:58:17 IST" name="verifyLogin" finished-at="2023-01-06T21:58:58 IST" duration-ms="40835" status="PASS">
          <reporter-output>
          </reporter-output>
        </test-method> <!-- verifyLogin -->
        <test-method is-config="true" signature="closeApp()[pri:0, instance:tests.LoginTest@6fd83fc1]" started-at="2023-01-06T21:58:58 IST" name="closeApp" finished-at="2023-01-06T21:59:01 IST" duration-ms="3181" status="PASS">
          <reporter-output>
          </reporter-output>
        </test-method> <!-- closeApp -->
      </class> <!-- tests.LoginTest -->
    </test> <!-- Test -->
  </suite> <!-- Suite -->
</testng-results>
