<?xml version="1.0" encoding="UTF-8"?>
<testng-results ignored="0" total="1" passed="1" failed="0" skipped="0">
  <reporter-output>
  </reporter-output>
  <suite started-at="2023-01-11T14:59:19 IST" name="Suite" finished-at="2023-01-11T15:00:06 IST" duration-ms="47264">
    <groups>
    </groups>
    <test started-at="2023-01-11T14:59:19 IST" name="Test" finished-at="2023-01-11T15:00:06 IST" duration-ms="47264">
      <class name="tests.LoginTest">
        <test-method is-config="true" signature="launchApp()[pri:0, instance:tests.LoginTest@47e2e487]" started-at="2023-01-11T14:59:19 IST" name="launchApp" finished-at="2023-01-11T14:59:22 IST" duration-ms="3358" status="PASS">
          <reporter-output>
          </reporter-output>
        </test-method> <!-- launchApp -->
        <test-method signature="verifyLogin()[pri:0, instance:tests.LoginTest@47e2e487]" started-at="2023-01-11T14:59:22 IST" name="verifyLogin" finished-at="2023-01-11T15:00:03 IST" duration-ms="40578" status="PASS">
          <reporter-output>
          </reporter-output>
        </test-method> <!-- verifyLogin -->
        <test-method is-config="true" signature="closeApp()[pri:0, instance:tests.LoginTest@47e2e487]" started-at="2023-01-11T15:00:03 IST" name="closeApp" finished-at="2023-01-11T15:00:06 IST" duration-ms="3275" status="PASS">
          <reporter-output>
          </reporter-output>
        </test-method> <!-- closeApp -->
      </class> <!-- tests.LoginTest -->
    </test> <!-- Test -->
  </suite> <!-- Suite -->
</testng-results>
